<?xml version="1.0" encoding="UTF-8"?>
<!-- Generated by org.testng.reporters.JUnitXMLReporter -->
<testsuite ignored="0" hostname="AjVivoBook" failures="0" tests="4" name="Command line test" time="0.116" errors="0" timestamp="2023-02-21T19:47:48 IST">
  <testcase classname="testPackage.FirstTest" name="m1" time="0.006"/>
  <testcase classname="testPackage.FirstTest" name="m2" time="0.001"/>
  <testcase classname="testPackage.SecondTest" name="m3" time="0.001"/>
  <testcase classname="testPackage.SecondTest" name="m4" time="0.0"/>
</testsuite> <!-- Command line test -->
