<?xml version="1.0" encoding="UTF-8"?>
<testng-results ignored="0" total="4" passed="4" failed="0" skipped="0">
  <reporter-output>
  </reporter-output>
  <suite started-at="2023-02-21T19:47:48 IST" name="Command line suite" finished-at="2023-02-21T19:47:48 IST" duration-ms="116">
    <groups>
    </groups>
    <test started-at="2023-02-21T19:47:48 IST" name="Command line test" finished-at="2023-02-21T19:47:48 IST" duration-ms="116">
      <class name="testPackage.FirstTest">
        <test-method signature="m1()[pri:0, instance:testPackage.FirstTest@13c9d689]" started-at="2023-02-21T19:47:48 IST" name="m1" finished-at="2023-02-21T19:47:48 IST" duration-ms="6" status="PASS">
          <reporter-output>
          </reporter-output>
        </test-method> <!-- m1 -->
        <test-method signature="m2()[pri:0, instance:testPackage.FirstTest@13c9d689]" started-at="2023-02-21T19:47:48 IST" name="m2" finished-at="2023-02-21T19:47:48 IST" duration-ms="1" status="PASS">
          <reporter-output>
          </reporter-output>
        </test-method> <!-- m2 -->
      </class> <!-- testPackage.FirstTest -->
      <class name="testPackage.SecondTest">
        <test-method signature="m3()[pri:0, instance:testPackage.SecondTest@54d9d12d]" started-at="2023-02-21T19:47:48 IST" name="m3" finished-at="2023-02-21T19:47:48 IST" duration-ms="1" status="PASS">
          <reporter-output>
          </reporter-output>
        </test-method> <!-- m3 -->
        <test-method signature="m4()[pri:0, instance:testPackage.SecondTest@54d9d12d]" started-at="2023-02-21T19:47:48 IST" name="m4" finished-at="2023-02-21T19:47:48 IST" duration-ms="0" status="PASS">
          <reporter-output>
          </reporter-output>
        </test-method> <!-- m4 -->
      </class> <!-- testPackage.SecondTest -->
    </test> <!-- Command line test -->
  </suite> <!-- Command line suite -->
</testng-results>
